1495550159605	geckodriver	INFO	Listening on 127.0.0.1:50918
1495550160097	mozprofile::profile	INFO	Using profile path C:\Users\luisaria\DOCUME~1\MOBAXT~1\slash\tmp\rust_mozprofile.gOA7dwKN2Q5u
1495550160138	geckodriver::marionette	INFO	Starting browser C:\Program Files\Nightly\firefox.exe
1495550160155	geckodriver::marionette	INFO	Connecting to Marionette on localhost:50922
1495550160509	addons.manager	DEBUG	Application has been upgraded
1495550160559	addons.manager	DEBUG	Loaded provider scope for resource://gre/modules/addons/XPIProvider.jsm: ["XPIProvider"]
1495550160561	addons.manager	DEBUG	Loaded provider scope for resource://gre/modules/LightweightThemeManager.jsm: ["LightweightThemeManager"]
1495550160564	addons.manager	DEBUG	Loaded provider scope for resource://gre/modules/addons/GMPProvider.jsm
1495550160566	addons.manager	DEBUG	Loaded provider scope for resource://gre/modules/addons/PluginProvider.jsm
1495550160567	addons.manager	DEBUG	Starting provider: XPIProvider
1495550160567	addons.xpi	DEBUG	startup
1495550160568	addons.xpi	INFO	SystemAddonInstallLocation directory is missing
1495550160569	addons.xpi	INFO	Mapping aushelper@mozilla.org to C:\Program Files\Nightly\browser\features\aushelper@mozilla.org.xpi
1495550160569	addons.xpi	INFO	Mapping e10srollout@mozilla.org to C:\Program Files\Nightly\browser\features\e10srollout@mozilla.org.xpi
1495550160570	addons.xpi	INFO	Mapping firefox@getpocket.com to C:\Program Files\Nightly\browser\features\firefox@getpocket.com.xpi
1495550160570	addons.xpi	INFO	Mapping flyweb@mozilla.org to C:\Program Files\Nightly\browser\features\flyweb@mozilla.org.xpi
1495550160570	addons.xpi	INFO	Mapping formautofill@mozilla.org to C:\Program Files\Nightly\browser\features\formautofill@mozilla.org.xpi
1495550160570	addons.xpi	INFO	Mapping presentation@mozilla.org to C:\Program Files\Nightly\browser\features\presentation@mozilla.org.xpi
1495550160571	addons.xpi	INFO	Mapping webcompat@mozilla.org to C:\Program Files\Nightly\browser\features\webcompat@mozilla.org.xpi
1495550160572	addons.xpi	INFO	Mapping {972ce4c6-7e08-4474-a285-3208198ce6fd} to C:\Program Files\Nightly\browser\extensions\{972ce4c6-7e08-4474-a285-3208198ce6fd}.xpi
1495550160572	addons.xpi	DEBUG	checkForChanges
1495550160572	addons.xpi	INFO	SystemAddonInstallLocation directory is missing
1495550160573	addons.xpi	DEBUG	Loaded add-on state from prefs: {}
1495550160573	addons.xpi	DEBUG	New add-on aushelper@mozilla.org in app-system-defaults
1495550160574	addons.xpi	DEBUG	getModTime: Recursive scan of aushelper@mozilla.org
1495550160575	addons.xpi	DEBUG	New add-on e10srollout@mozilla.org in app-system-defaults
1495550160575	addons.xpi	DEBUG	getModTime: Recursive scan of e10srollout@mozilla.org
1495550160576	addons.xpi	DEBUG	New add-on firefox@getpocket.com in app-system-defaults
1495550160576	addons.xpi	DEBUG	getModTime: Recursive scan of firefox@getpocket.com
1495550160577	addons.xpi	DEBUG	New add-on flyweb@mozilla.org in app-system-defaults
1495550160577	addons.xpi	DEBUG	getModTime: Recursive scan of flyweb@mozilla.org
1495550160577	addons.xpi	DEBUG	New add-on formautofill@mozilla.org in app-system-defaults
1495550160578	addons.xpi	DEBUG	getModTime: Recursive scan of formautofill@mozilla.org
1495550160578	addons.xpi	DEBUG	New add-on presentation@mozilla.org in app-system-defaults
1495550160578	addons.xpi	DEBUG	getModTime: Recursive scan of presentation@mozilla.org
1495550160579	addons.xpi	DEBUG	New add-on webcompat@mozilla.org in app-system-defaults
1495550160579	addons.xpi	DEBUG	getModTime: Recursive scan of webcompat@mozilla.org
1495550160579	addons.xpi	DEBUG	New add-on {972ce4c6-7e08-4474-a285-3208198ce6fd} in app-global
1495550160580	addons.xpi	DEBUG	getModTime: Recursive scan of {972ce4c6-7e08-4474-a285-3208198ce6fd}
1495550160580	addons.xpi	DEBUG	getInstallState changed: true, state: {"app-system-defaults":{"aushelper@mozilla.org":{"d":"C:\\Program Files\\Nightly\\browser\\features\\aushelper@mozilla.org.xpi","st":1481820333000},"e10srollout@mozilla.org":{"d":"C:\\Program Files\\Nightly\\browser\\features\\e10srollout@mozilla.org.xpi","st":1481820333000},"firefox@getpocket.com":{"d":"C:\\Program Files\\Nightly\\browser\\features\\firefox@getpocket.com.xpi","st":1481820333000},"flyweb@mozilla.org":{"d":"C:\\Program Files\\Nightly\\browser\\features\\flyweb@mozilla.org.xpi","st":1481820333000},"formautofill@mozilla.org":{"d":"C:\\Program Files\\Nightly\\browser\\features\\formautofill@mozilla.org.xpi","st":1481820333000},"presentation@mozilla.org":{"d":"C:\\Program Files\\Nightly\\browser\\features\\presentation@mozilla.org.xpi","st":1481820333000},"webcompat@mozilla.org":{"d":"C:\\Program Files\\Nightly\\browser\\features\\webcompat@mozilla.org.xpi","st":1481820333000}},"app-global":{"{972ce4c6-7e08-4474-a285-3208198ce6fd}":{"d":"C:\\Program Files\\Nightly\\browser\\extensions\\{972ce4c6-7e08-4474-a285-3208198ce6fd}.xpi","st":1481820333000}}}
1495550160591	addons.xpi-utils	DEBUG	Opening XPI database C:\Users\luisaria\DOCUME~1\MOBAXT~1\slash\tmp\rust_mozprofile.gOA7dwKN2Q5u\extensions.json
1495550160596	addons.xpi-utils	DEBUG	New add-on aushelper@mozilla.org installed in app-system-defaults
*** Blocklist::_loadBlocklistFromFile: blocklist is disabled
1495550160609	DeferredSave.extensions.json	DEBUG	Save changes
1495550160610	addons.xpi-utils	DEBUG	New add-on e10srollout@mozilla.org installed in app-system-defaults
1495550160613	DeferredSave.extensions.json	DEBUG	Starting timer
1495550160615	DeferredSave.extensions.json	DEBUG	Save changes
1495550160615	addons.xpi-utils	DEBUG	New add-on firefox@getpocket.com installed in app-system-defaults
1495550160622	DeferredSave.extensions.json	DEBUG	Save changes
1495550160622	addons.xpi-utils	DEBUG	New add-on flyweb@mozilla.org installed in app-system-defaults
1495550160627	DeferredSave.extensions.json	DEBUG	Save changes
1495550160627	addons.xpi-utils	DEBUG	New add-on formautofill@mozilla.org installed in app-system-defaults
1495550160631	DeferredSave.extensions.json	DEBUG	Save changes
1495550160631	addons.xpi-utils	DEBUG	New add-on presentation@mozilla.org installed in app-system-defaults
1495550160637	DeferredSave.extensions.json	DEBUG	Save changes
1495550160638	addons.xpi-utils	DEBUG	New add-on webcompat@mozilla.org installed in app-system-defaults
1495550160641	DeferredSave.extensions.json	DEBUG	Save changes
1495550160642	addons.xpi-utils	DEBUG	New add-on {972ce4c6-7e08-4474-a285-3208198ce6fd} installed in app-global
1495550160647	DeferredSave.extensions.json	DEBUG	Save changes
1495550160648	addons.manager	DEBUG	Registering startup change 'installed' for aushelper@mozilla.org
1495550160653	addons.xpi	DEBUG	Loading bootstrap scope from C:\Program Files\Nightly\browser\features\aushelper@mozilla.org.xpi
1495550160659	addons.xpi	DEBUG	Calling bootstrap method install on aushelper@mozilla.org version 1.0
1495550160659	addons.xpi-utils	DEBUG	Make addon app-system-defaults:aushelper@mozilla.org visible
1495550160660	DeferredSave.extensions.json	DEBUG	Save changes
1495550160660	addons.manager	DEBUG	Registering startup change 'installed' for e10srollout@mozilla.org
1495550160660	addons.xpi	DEBUG	Loading bootstrap scope from C:\Program Files\Nightly\browser\features\e10srollout@mozilla.org.xpi
1495550160663	addons.xpi	DEBUG	Calling bootstrap method install on e10srollout@mozilla.org version 1.6
1495550160664	addons.xpi-utils	DEBUG	Make addon app-system-defaults:e10srollout@mozilla.org visible
1495550160664	DeferredSave.extensions.json	DEBUG	Save changes
1495550160665	addons.manager	DEBUG	Registering startup change 'installed' for firefox@getpocket.com
1495550160665	addons.xpi	DEBUG	Loading bootstrap scope from C:\Program Files\Nightly\browser\features\firefox@getpocket.com.xpi
1495550160669	addons.xpi	DEBUG	Calling bootstrap method install on firefox@getpocket.com version 1.0.5
1495550160669	addons.xpi-utils	DEBUG	Make addon app-system-defaults:firefox@getpocket.com visible
1495550160670	DeferredSave.extensions.json	DEBUG	Save changes
1495550160670	addons.manager	DEBUG	Registering startup change 'installed' for flyweb@mozilla.org
1495550160670	addons.xpi	DEBUG	Loading bootstrap scope from C:\Program Files\Nightly\browser\features\flyweb@mozilla.org.xpi
1495550160673	addons.xpi	DEBUG	Calling bootstrap method install on flyweb@mozilla.org version 1.0.0
1495550160674	addons.xpi-utils	DEBUG	Make addon app-system-defaults:flyweb@mozilla.org visible
1495550160674	DeferredSave.extensions.json	DEBUG	Save changes
1495550160674	addons.manager	DEBUG	Registering startup change 'installed' for formautofill@mozilla.org
1495550160675	addons.xpi	DEBUG	Loading bootstrap scope from C:\Program Files\Nightly\browser\features\formautofill@mozilla.org.xpi
1495550160677	addons.xpi	DEBUG	Calling bootstrap method install on formautofill@mozilla.org version 1.0
1495550160677	addons.xpi-utils	DEBUG	Make addon app-system-defaults:formautofill@mozilla.org visible
1495550160678	DeferredSave.extensions.json	DEBUG	Save changes
1495550160678	addons.manager	DEBUG	Registering startup change 'installed' for presentation@mozilla.org
1495550160678	addons.xpi	DEBUG	Loading bootstrap scope from C:\Program Files\Nightly\browser\features\presentation@mozilla.org.xpi
1495550160681	addons.xpi	DEBUG	Calling bootstrap method install on presentation@mozilla.org version 1.0.0
1495550160681	addons.xpi-utils	DEBUG	Make addon app-system-defaults:presentation@mozilla.org visible
1495550160682	DeferredSave.extensions.json	DEBUG	Save changes
1495550160682	addons.manager	DEBUG	Registering startup change 'installed' for webcompat@mozilla.org
1495550160682	addons.xpi	DEBUG	Loading bootstrap scope from C:\Program Files\Nightly\browser\features\webcompat@mozilla.org.xpi
1495550160685	addons.xpi	DEBUG	Calling bootstrap method install on webcompat@mozilla.org version 1.0
1495550160685	addons.xpi-utils	DEBUG	Make addon app-system-defaults:webcompat@mozilla.org visible
1495550160685	DeferredSave.extensions.json	DEBUG	Save changes
1495550160685	addons.xpi-utils	DEBUG	Make addon app-global:{972ce4c6-7e08-4474-a285-3208198ce6fd} visible
1495550160686	DeferredSave.extensions.json	DEBUG	Save changes
1495550160686	addons.xpi	DEBUG	Updating XPIState for {"id":"aushelper@mozilla.org","syncGUID":"{990bada8-b4d3-4647-91da-cfee9f1a1bad}","location":"app-system-defaults","version":"1.0","type":"extension","internalName":null,"updateURL":null,"updateKey":null,"optionsURL":null,"optionsType":null,"aboutURL":null,"icons":{},"iconURL":null,"icon64URL":null,"defaultLocale":{"name":"Application Update Service Helper","description":"Sets value(s) in the update url based on custom checks.","creator":null,"homepageURL":null},"visible":true,"active":true,"userDisabled":false,"appDisabled":false,"descriptor":"C:\\Program Files\\Nightly\\browser\\features\\aushelper@mozilla.org.xpi","installDate":1481820333000,"updateDate":1481820333000,"applyBackgroundUpdates":1,"bootstrap":true,"skinnable":false,"size":5904,"sourceURI":null,"releaseNotesURI":null,"softDisabled":false,"foreignInstall":false,"hasBinaryComponents":false,"strictCompatibility":false,"locales":[],"targetApplications":[{"id":"{ec8030f7-c20a-464f-9b0e-13a3a9e97384}","minVersion":"53.0a1","maxVersion":"53.0a1"}],"targetPlatforms":[],"multiprocessCompatible":true,"seen":true,"dependencies":[],"hasEmbeddedWebExtension":false,"mpcOptedOut":false}
1495550160686	addons.xpi	DEBUG	getModTime: Recursive scan of aushelper@mozilla.org
1495550160687	addons.xpi	DEBUG	Updating XPIState for {"id":"e10srollout@mozilla.org","syncGUID":"{8a7c0d7a-ed21-465d-aa1d-7cc118d0416f}","location":"app-system-defaults","version":"1.6","type":"extension","internalName":null,"updateURL":null,"updateKey":null,"optionsURL":null,"optionsType":null,"aboutURL":null,"icons":{},"iconURL":null,"icon64URL":null,"defaultLocale":{"name":"Multi-process staged rollout","description":"Staged rollout of Firefox multi-process feature.","creator":null,"homepageURL":null},"visible":true,"active":true,"userDisabled":false,"appDisabled":false,"descriptor":"C:\\Program Files\\Nightly\\browser\\features\\e10srollout@mozilla.org.xpi","installDate":1481820333000,"updateDate":1481820333000,"applyBackgroundUpdates":1,"bootstrap":true,"skinnable":false,"size":7051,"sourceURI":null,"releaseNotesURI":null,"softDisabled":false,"foreignInstall":false,"hasBinaryComponents":false,"strictCompatibility":false,"locales":[],"targetApplications":[{"id":"{ec8030f7-c20a-464f-9b0e-13a3a9e97384}","minVersion":"53.0a1","maxVersion":"53.0a1"}],"targetPlatforms":[],"multiprocessCompatible":true,"seen":true,"dependencies":[],"hasEmbeddedWebExtension":false,"mpcOptedOut":false}
1495550160687	addons.xpi	DEBUG	getModTime: Recursive scan of e10srollout@mozilla.org
1495550160688	addons.xpi	DEBUG	Updating XPIState for {"id":"firefox@getpocket.com","syncGUID":"{94786938-9a6d-4a10-a384-03a219638886}","location":"app-system-defaults","version":"1.0.5","type":"extension","internalName":null,"updateURL":null,"updateKey":null,"optionsURL":null,"optionsType":null,"aboutURL":null,"icons":{},"iconURL":null,"icon64URL":null,"defaultLocale":{"name":"Pocket","description":"When you find something you want to view later, put it in Pocket.","creator":null,"homepageURL":null},"visible":true,"active":true,"userDisabled":false,"appDisabled":false,"descriptor":"C:\\Program Files\\Nightly\\browser\\features\\firefox@getpocket.com.xpi","installDate":1481820333000,"updateDate":1481820333000,"applyBackgroundUpdates":1,"bootstrap":true,"skinnable":false,"size":920318,"sourceURI":null,"releaseNotesURI":null,"softDisabled":false,"foreignInstall":false,"hasBinaryComponents":false,"strictCompatibility":false,"locales":[],"targetApplications":[{"id":"{ec8030f7-c20a-464f-9b0e-13a3a9e97384}","minVersion":"53.0a1","maxVersion":"53.0a1"}],"targetPlatforms":[],"multiprocessCompatible":true,"seen":true,"dependencies":[],"hasEmbeddedWebExtension":false,"mpcOptedOut":false}
1495550160688	addons.xpi	DEBUG	getModTime: Recursive scan of firefox@getpocket.com
1495550160689	addons.xpi	DEBUG	Updating XPIState for {"id":"flyweb@mozilla.org","syncGUID":"{9f8ff8ae-5762-424e-8d84-898091de2fd4}","location":"app-system-defaults","version":"1.0.0","type":"extension","internalName":null,"updateURL":null,"updateKey":null,"optionsURL":null,"optionsType":null,"aboutURL":null,"icons":{},"iconURL":null,"icon64URL":null,"defaultLocale":{"name":"FlyWeb","description":"Discover nearby services in the browser","creator":null,"homepageURL":null},"visible":true,"active":true,"userDisabled":false,"appDisabled":false,"descriptor":"C:\\Program Files\\Nightly\\browser\\features\\flyweb@mozilla.org.xpi","installDate":1481820333000,"updateDate":1481820333000,"applyBackgroundUpdates":1,"bootstrap":true,"skinnable":false,"size":57012,"sourceURI":null,"releaseNotesURI":null,"softDisabled":false,"foreignInstall":false,"hasBinaryComponents":false,"strictCompatibility":false,"locales":[],"targetApplications":[{"id":"{ec8030f7-c20a-464f-9b0e-13a3a9e97384}","minVersion":"53.0a1","maxVersion":"53.0a1"}],"targetPlatforms":[],"multiprocessCompatible":true,"seen":true,"dependencies":[],"hasEmbeddedWebExtension":false,"mpcOptedOut":false}
1495550160689	addons.xpi	DEBUG	getModTime: Recursive scan of flyweb@mozilla.org
1495550160690	addons.xpi	DEBUG	Updating XPIState for {"id":"formautofill@mozilla.org","syncGUID":"{5c014c1f-4ce9-4d65-8ddc-cd7e789657fe}","location":"app-system-defaults","version":"1.0","type":"extension","internalName":null,"updateURL":null,"updateKey":null,"optionsURL":null,"optionsType":null,"aboutURL":null,"icons":{},"iconURL":null,"icon64URL":null,"defaultLocale":{"name":"Form Autofill","description":"Autofill forms with saved profiles","creator":null,"homepageURL":null},"visible":true,"active":true,"userDisabled":false,"appDisabled":false,"descriptor":"C:\\Program Files\\Nightly\\browser\\features\\formautofill@mozilla.org.xpi","installDate":1481820333000,"updateDate":1481820333000,"applyBackgroundUpdates":1,"bootstrap":true,"skinnable":false,"size":17792,"sourceURI":null,"releaseNotesURI":null,"softDisabled":false,"foreignInstall":false,"hasBinaryComponents":false,"strictCompatibility":false,"locales":[],"targetApplications":[{"id":"{ec8030f7-c20a-464f-9b0e-13a3a9e97384}","minVersion":"53.0a1","maxVersion":"53.0a1"}],"targetPlatforms":[],"multiprocessCompatible":true,"seen":true,"dependencies":[],"hasEmbeddedWebExtension":false,"mpcOptedOut":false}
1495550160690	addons.xpi	DEBUG	getModTime: Recursive scan of formautofill@mozilla.org
1495550160691	addons.xpi	DEBUG	Updating XPIState for {"id":"presentation@mozilla.org","syncGUID":"{64900e44-f564-4936-8474-8ee2b35b883b}","location":"app-system-defaults","version":"1.0.0","type":"extension","internalName":null,"updateURL":null,"updateKey":null,"optionsURL":null,"optionsType":null,"aboutURL":null,"icons":{},"iconURL":null,"icon64URL":null,"defaultLocale":{"name":"Presentation","description":"Discover nearby devices in the browser","creator":null,"homepageURL":null},"visible":true,"active":true,"userDisabled":false,"appDisabled":false,"descriptor":"C:\\Program Files\\Nightly\\browser\\features\\presentation@mozilla.org.xpi","installDate":1481820333000,"updateDate":1481820333000,"applyBackgroundUpdates":1,"bootstrap":true,"skinnable":false,"size":14464,"sourceURI":null,"releaseNotesURI":null,"softDisabled":false,"foreignInstall":false,"hasBinaryComponents":false,"strictCompatibility":false,"locales":[],"targetApplications":[{"id":"{ec8030f7-c20a-464f-9b0e-13a3a9e97384}","minVersion":"53.0a1","maxVersion":"53.0a1"}],"targetPlatforms":[],"multiprocessCompatible":true,"seen":true,"dependencies":[],"hasEmbeddedWebExtension":false,"mpcOptedOut":false}
1495550160691	addons.xpi	DEBUG	getModTime: Recursive scan of presentation@mozilla.org
1495550160692	addons.xpi	DEBUG	Updating XPIState for {"id":"webcompat@mozilla.org","syncGUID":"{17bba213-c02e-487f-8c64-100f5da78bff}","location":"app-system-defaults","version":"1.0","type":"extension","internalName":null,"updateURL":null,"updateKey":null,"optionsURL":null,"optionsType":null,"aboutURL":null,"icons":{},"iconURL":null,"icon64URL":null,"defaultLocale":{"name":"Web Compat","description":"Urgent post-release fixes for web compatibility.","creator":null,"homepageURL":null},"visible":true,"active":true,"userDisabled":false,"appDisabled":false,"descriptor":"C:\\Program Files\\Nightly\\browser\\features\\webcompat@mozilla.org.xpi","installDate":1481820333000,"updateDate":1481820333000,"applyBackgroundUpdates":1,"bootstrap":true,"skinnable":false,"size":1458,"sourceURI":null,"releaseNotesURI":null,"softDisabled":false,"foreignInstall":false,"hasBinaryComponents":false,"strictCompatibility":false,"locales":[],"targetApplications":[{"id":"{ec8030f7-c20a-464f-9b0e-13a3a9e97384}","minVersion":"53.0a1","maxVersion":"53.0a1"}],"targetPlatforms":[],"multiprocessCompatible":true,"seen":true,"dependencies":[],"hasEmbeddedWebExtension":false,"mpcOptedOut":false}
1495550160692	addons.xpi	DEBUG	getModTime: Recursive scan of webcompat@mozilla.org
1495550160692	addons.xpi	DEBUG	Updating XPIState for {"id":"{972ce4c6-7e08-4474-a285-3208198ce6fd}","syncGUID":"{79121792-e2e8-451b-bb9b-47e129bcebad}","location":"app-global","version":"53.0a1","type":"theme","internalName":"classic/1.0","updateURL":null,"updateKey":null,"optionsURL":null,"optionsType":null,"aboutURL":null,"icons":{"32":"icon.png","48":"icon.png"},"iconURL":null,"icon64URL":null,"defaultLocale":{"name":"Default","description":"The default theme.","creator":"Mozilla","homepageURL":null,"contributors":["Mozilla Contributors"]},"visible":true,"active":true,"userDisabled":false,"appDisabled":false,"descriptor":"C:\\Program Files\\Nightly\\browser\\extensions\\{972ce4c6-7e08-4474-a285-3208198ce6fd}.xpi","installDate":1481820333000,"updateDate":1481820333000,"applyBackgroundUpdates":1,"skinnable":true,"size":19041,"sourceURI":null,"releaseNotesURI":null,"softDisabled":false,"foreignInstall":false,"hasBinaryComponents":false,"strictCompatibility":true,"locales":[],"targetApplications":[{"id":"{ec8030f7-c20a-464f-9b0e-13a3a9e97384}","minVersion":"53.0a1","maxVersion":"53.0a1"}],"targetPlatforms":[],"seen":true,"dependencies":[],"hasEmbeddedWebExtension":false}
1495550160692	addons.xpi	DEBUG	getModTime: Recursive scan of {972ce4c6-7e08-4474-a285-3208198ce6fd}
1495550160693	DeferredSave.extensions.json	DEBUG	Save changes
1495550160694	addons.xpi	DEBUG	Updating database with changes to installed add-ons
1495550160694	addons.xpi-utils	DEBUG	Updating add-on states
1495550160702	addons.xpi-utils	DEBUG	Writing add-ons list
1495550160713	addons.xpi	DEBUG	Registering manifest for C:\Program Files\Nightly\browser\features\aushelper@mozilla.org.xpi
1495550160714	addons.xpi	DEBUG	Calling bootstrap method startup on aushelper@mozilla.org version 1.0
1495550160716	addons.xpi	DEBUG	Registering manifest for C:\Program Files\Nightly\browser\features\e10srollout@mozilla.org.xpi
1495550160717	addons.xpi	DEBUG	Calling bootstrap method startup on e10srollout@mozilla.org version 1.6
1495550160717	addons.xpi	DEBUG	Registering manifest for C:\Program Files\Nightly\browser\features\firefox@getpocket.com.xpi
1495550160718	addons.xpi	DEBUG	Calling bootstrap method startup on firefox@getpocket.com version 1.0.5
1495550160719	addons.xpi	DEBUG	Registering manifest for C:\Program Files\Nightly\browser\features\flyweb@mozilla.org.xpi
1495550160720	addons.xpi	DEBUG	Calling bootstrap method startup on flyweb@mozilla.org version 1.0.0
1495550160721	addons.xpi	DEBUG	Registering manifest for C:\Program Files\Nightly\browser\features\formautofill@mozilla.org.xpi
1495550160722	addons.xpi	DEBUG	Calling bootstrap method startup on formautofill@mozilla.org version 1.0
1495550160722	addons.xpi	DEBUG	Registering manifest for C:\Program Files\Nightly\browser\features\presentation@mozilla.org.xpi
1495550160723	addons.xpi	DEBUG	Calling bootstrap method startup on presentation@mozilla.org version 1.0.0
1495550160726	addons.xpi	DEBUG	Registering manifest for C:\Program Files\Nightly\browser\features\webcompat@mozilla.org.xpi
1495550160727	addons.xpi	DEBUG	Calling bootstrap method startup on webcompat@mozilla.org version 1.0
1495550160729	addons.manager	DEBUG	Registering shutdown blocker for XPIProvider
1495550160729	addons.manager	DEBUG	Provider finished startup: XPIProvider
1495550160730	addons.manager	DEBUG	Starting provider: LightweightThemeManager
1495550160730	addons.manager	DEBUG	Registering shutdown blocker for LightweightThemeManager
1495550160730	addons.manager	DEBUG	Provider finished startup: LightweightThemeManager
1495550160730	addons.manager	DEBUG	Starting provider: GMPProvider
1495550160741	addons.manager	DEBUG	Registering shutdown blocker for GMPProvider
1495550160742	addons.manager	DEBUG	Provider finished startup: GMPProvider
1495550160742	addons.manager	DEBUG	Starting provider: PluginProvider
1495550160742	addons.manager	DEBUG	Registering shutdown blocker for PluginProvider
1495550160742	addons.manager	DEBUG	Provider finished startup: PluginProvider
1495550160743	addons.manager	DEBUG	Completed startup sequence
1495550161076	Marionette	INFO	Listening on port 50922
1495550161429	addons.manager	DEBUG	Starting provider: <unnamed-provider>
1495550161429	addons.manager	DEBUG	Registering shutdown blocker for <unnamed-provider>
1495550161430	addons.manager	DEBUG	Provider finished startup: <unnamed-provider>
1495550161483	addons.manager	DEBUG	Starting provider: PreviousExperimentProvider
1495550161483	addons.manager	DEBUG	Registering shutdown blocker for PreviousExperimentProvider
1495550161483	addons.manager	DEBUG	Provider finished startup: PreviousExperimentProvider
1495550161487	DeferredSave.extensions.json	DEBUG	Starting write
1495550161769	DeferredSave.extensions.json	DEBUG	Write succeeded
1495550161769	addons.xpi-utils	DEBUG	XPI Database saved, setting schema version preference to 19
1495550162927	Marionette	WARN	Using deprecated data structure for setting timeouts
1495550208670	Marionette	INFO	New connections will no longer be accepted

###!!! [Child][MessageChannel] Error: (msgtype=0x3E0003,name=PCompositable::Msg_Destroy) Channel error: cannot send/recv


###!!! [Child][MessageChannel] Error: (msgtype=0xE40003,name=PTexture::Msg_Destroy) Channel error: cannot send/recv


###!!! [Child][MessageChannel] Error: (msgtype=0xE40003,name=PTexture::Msg_Destroy) Channel error: cannot send/recv


###!!! [Child][MessageChannel] Error: (msgtype=0xE40003,name=PTexture::Msg_Destroy) Channel error: cannot send/recv


###!!! [Child][MessageChannel] Error: (msgtype=0xE40003,name=PTexture::Msg_Destroy) Channel error: cannot send/recv


###!!! [Child][MessageChannel] Error: (msgtype=0x3E0003,name=PCompositable::Msg_Destroy) Channel error: cannot send/recv


###!!! [Child][MessageChannel] Error: (msgtype=0xE40003,name=PTexture::Msg_Destroy) Channel error: cannot send/recv


###!!! [Child][MessageChannel] Error: (msgtype=0xE40003,name=PTexture::Msg_Destroy) Channel error: cannot send/recv


###!!! [Child][MessageChannel] Error: (msgtype=0x3E0003,name=PCompositable::Msg_Destroy) Channel error: cannot send/recv


###!!! [Child][MessageChannel] Error: (msgtype=0x3E0003,name=PCompositable::Msg_Destroy) Channel error: cannot send/recv


###!!! [Child][MessageChannel] Error: (msgtype=0x3E0003,name=PCompositable::Msg_Destroy) Channel error: cannot send/recv


###!!! [Child][MessageChannel] Error: (msgtype=0x3E0003,name=PCompositable::Msg_Destroy) Channel error: cannot send/recv


###!!! [Child][MessageChannel] Error: (msgtype=0x3E0003,name=PCompositable::Msg_Destroy) Channel error: cannot send/recv


###!!! [Child][MessageChannel] Error: (msgtype=0xE40003,name=PTexture::Msg_Destroy) Channel error: cannot send/recv


###!!! [Child][MessageChannel] Error: (msgtype=0xE40003,name=PTexture::Msg_Destroy) Channel error: cannot send/recv


###!!! [Child][MessageChannel] Error: (msgtype=0xE40003,name=PTexture::Msg_Destroy) Channel error: cannot send/recv


###!!! [Child][MessageChannel] Error: (msgtype=0xE40003,name=PTexture::Msg_Destroy) Channel error: cannot send/recv


###!!! [Child][MessageChannel] Error: (msgtype=0x3E0003,name=PCompositable::Msg_Destroy) Channel error: cannot send/recv


###!!! [Child][MessageChannel] Error: (msgtype=0xE40003,name=PTexture::Msg_Destroy) Channel error: cannot send/recv


###!!! [Child][MessageChannel] Error: (msgtype=0xE40003,name=PTexture::Msg_Destroy) Channel error: cannot send/recv


###!!! [Child][MessageChannel] Error: (msgtype=0x3E0003,name=PCompositable::Msg_Destroy) Channel error: cannot send/recv


###!!! [Child][MessageChannel] Error: (msgtype=0xE40003,name=PTexture::Msg_Destroy) Channel error: cannot send/recv


###!!! [Child][MessageChannel] Error: (msgtype=0xE40003,name=PTexture::Msg_Destroy) Channel error: cannot send/recv


###!!! [Child][MessageChannel] Error: (msgtype=0x3E0003,name=PCompositable::Msg_Destroy) Channel error: cannot send/recv


###!!! [Child][MessageChannel] Error: (msgtype=0xE40003,name=PTexture::Msg_Destroy) Channel error: cannot send/recv


###!!! [Child][MessageChannel] Error: (msgtype=0xE40003,name=PTexture::Msg_Destroy) Channel error: cannot send/recv


###!!! [Child][MessageChannel] Error: (msgtype=0x3E0003,name=PCompositable::Msg_Destroy) Channel error: cannot send/recv

[GFX1-]: Receive IPC close with reason=AbnormalShutdown
